Content-Type: multipart/alternative;
 boundary="===============3433185887882268612=="
MIME-Version: 1.0
Subject: Profile activation
From: test@example.com
To: test@gmail.com
Date: Wed, 09 Jun 2021 00:38:14 -0000
Message-ID: <162319909402.1203225.706892732800101514@sasenax>

--===============3433185887882268612==
Content-Type: text/plain; charset="utf-8"
MIME-Version: 1.0
Content-Transfer-Encoding: 7bit



To activate your profile, please follow this link:

http://127.0.0.1:8000/accounts/activate/tUK52CJekuEqAgrDCfM5/

--===============3433185887882268612==
Content-Type: text/html; charset="utf-8"
MIME-Version: 1.0
Content-Transfer-Encoding: 7bit



<!DOCTYPE html PUBLIC "-//W3C//DTD XHTML 1.0 Transitional//EN"
        "http://www.w3.org/TR/xhtml1/DTD/xhtml1-transitional.dtd">
<html xmlns="http://www.w3.org/1999/xhtml">
<head>
    <meta http-equiv="Content-Type" content="text/html; charset=UTF-8"/>
    <title>Profile activation</title>
    <meta name="viewport" content="width=device-width, initial-scale=1.0"/>
</head>

<body>

<p>
    To activate your profile, please follow this link:
</p>

<p>
    <a href="http://127.0.0.1:8000/accounts/activate/tUK52CJekuEqAgrDCfM5/">http://127.0.0.1:8000/accounts/activate/tUK52CJekuEqAgrDCfM5/</a>
</p>

</body>

</html>

--===============3433185887882268612==--

-------------------------------------------------------------------------------
