Content-Type: multipart/alternative;
 boundary="===============6830558458713466700=="
MIME-Version: 1.0
Subject: Profile activation
From: test@example.com
To: filitsadoumani3@outlook.com
Date: Wed, 09 Jun 2021 00:43:32 -0000
Message-ID: <162319941212.1361776.2807456998426744808@sasenax>

--===============6830558458713466700==
Content-Type: text/plain; charset="utf-8"
MIME-Version: 1.0
Content-Transfer-Encoding: 7bit



To activate your profile, please follow this link:

http://127.0.0.1:8000/accounts/activate/yyhkcF3pA5zUuPRAJghn/

--===============6830558458713466700==
Content-Type: text/html; charset="utf-8"
MIME-Version: 1.0
Content-Transfer-Encoding: 7bit



<!DOCTYPE html PUBLIC "-//W3C//DTD XHTML 1.0 Transitional//EN"
        "http://www.w3.org/TR/xhtml1/DTD/xhtml1-transitional.dtd">
<html xmlns="http://www.w3.org/1999/xhtml">
<head>
    <meta http-equiv="Content-Type" content="text/html; charset=UTF-8"/>
    <title>Profile activation</title>
    <meta name="viewport" content="width=device-width, initial-scale=1.0"/>
</head>

<body>

<p>
    To activate your profile, please follow this link:
</p>

<p>
    <a href="http://127.0.0.1:8000/accounts/activate/yyhkcF3pA5zUuPRAJghn/">http://127.0.0.1:8000/accounts/activate/yyhkcF3pA5zUuPRAJghn/</a>
</p>

</body>

</html>

--===============6830558458713466700==--

-------------------------------------------------------------------------------
