Content-Type: multipart/alternative;
 boundary="===============7964818138671688383=="
MIME-Version: 1.0
Subject: Profile activation
From: test@example.com
To: cs04052@uoi.gr
Date: Wed, 09 Jun 2021 00:27:46 -0000
Message-ID: <162319846625.816071.13537820658124720796@sasenax>

--===============7964818138671688383==
Content-Type: text/plain; charset="utf-8"
MIME-Version: 1.0
Content-Transfer-Encoding: 7bit



To activate your profile, please follow this link:

http://127.0.0.1:8000/accounts/activate/uRXFOBoxlB2I8l7y0hN2/

--===============7964818138671688383==
Content-Type: text/html; charset="utf-8"
MIME-Version: 1.0
Content-Transfer-Encoding: 7bit



<!DOCTYPE html PUBLIC "-//W3C//DTD XHTML 1.0 Transitional//EN"
        "http://www.w3.org/TR/xhtml1/DTD/xhtml1-transitional.dtd">
<html xmlns="http://www.w3.org/1999/xhtml">
<head>
    <meta http-equiv="Content-Type" content="text/html; charset=UTF-8"/>
    <title>Profile activation</title>
    <meta name="viewport" content="width=device-width, initial-scale=1.0"/>
</head>

<body>

<p>
    To activate your profile, please follow this link:
</p>

<p>
    <a href="http://127.0.0.1:8000/accounts/activate/uRXFOBoxlB2I8l7y0hN2/">http://127.0.0.1:8000/accounts/activate/uRXFOBoxlB2I8l7y0hN2/</a>
</p>

</body>

</html>

--===============7964818138671688383==--

-------------------------------------------------------------------------------
